Created by PLY version 3.11 (http://www.dabeaz.com/ply)

Grammar

Rule 0     S' -> expression
Rule 1     expression -> NUMBER
Rule 2     expression -> expression PLUS expression
Rule 3     expression -> expression MINUS expression

Terminals, with rules where they appear

MINUS                : 3
NUMBER               : 1
PLUS                 : 2
error                : 

Nonterminals, with rules where they appear

expression           : 2 2 3 3 0

Parsing method: LALR

state 0

    (0) S' -> . expression
    (1) expression -> . NUMBER
    (2) expression -> . expression PLUS expression
    (3) expression -> . expression MINUS expression

    NUMBER          shift and go to state 2

    expression                     shift and go to state 1

state 1

    (0) S' -> expression .
    (2) expression -> expression . PLUS expression
    (3) expression -> expression . MINUS expression

    PLUS            shift and go to state 3
    MINUS           shift and go to state 4


state 2

    (1) expression -> NUMBER .

    PLUS            reduce using rule 1 (expression -> NUMBER .)
    MINUS           reduce using rule 1 (expression -> NUMBER .)
    $end            reduce using rule 1 (expression -> NUMBER .)


state 3

    (2) expression -> expression PLUS . expression
    (1) expression -> . NUMBER
    (2) expression -> . expression PLUS expression
    (3) expression -> . expression MINUS expression

    NUMBER          shift and go to state 2

    expression                     shift and go to state 5

state 4

    (3) expression -> expression MINUS . expression
    (1) expression -> . NUMBER
    (2) expression -> . expression PLUS expression
    (3) expression -> . expression MINUS expression

    NUMBER          shift and go to state 2

    expression                     shift and go to state 6

state 5

    (2) expression -> expression PLUS expression .
    (2) expression -> expression . PLUS expression
    (3) expression -> expression . MINUS expression

    PLUS            reduce using rule 2 (expression -> expression PLUS expression .)
    MINUS           reduce using rule 2 (expression -> expression PLUS expression .)
    $end            reduce using rule 2 (expression -> expression PLUS expression .)

  ! PLUS            [ shift and go to state 3 ]
  ! MINUS           [ shift and go to state 4 ]


state 6

    (3) expression -> expression MINUS expression .
    (2) expression -> expression . PLUS expression
    (3) expression -> expression . MINUS expression

    PLUS            reduce using rule 3 (expression -> expression MINUS expression .)
    MINUS           reduce using rule 3 (expression -> expression MINUS expression .)
    $end            reduce using rule 3 (expression -> expression MINUS expression .)

  ! PLUS            [ shift and go to state 3 ]
  ! MINUS           [ shift and go to state 4 ]

